[     198ms] [LOG] Launch Pyxel 2.8.10 with Pyodide 0.29.3 @ https://cdn.jsdelivr.net/gh/kitao/pyxel@2.8.10/wasm/pyxel.js:112
[     200ms] [LOG] {command: play, name: pyxel.pyxapp, gamepad: enabled, base64: UEsDBBQAAAAIAM2ihlwsYEvPCQAAAAcAAAAcAAAAcHl4ZWwvLn…5eGVsX3ByZXZpZXcucHlQSwUGAAAAAHQAdAChJQAAUgNAAAAA} @ https://cdn.jsdelivr.net/gh/kitao/pyxel@2.8.10/wasm/pyxel.js:113
[    2959ms] [LOG] Loading pyxel @ https://cdn.jsdelivr.net/pyodide/v0.29.3/full/pyodide.asm.js:7
[    3482ms] [LOG] Loaded pyxel @ https://cdn.jsdelivr.net/pyodide/v0.29.3/full/pyodide.asm.js:7
[   15524ms] [LOG] Attempting to import 'yaml' @ https://cdn.jsdelivr.net/pyodide/v0.29.3/full/pyodide.asm.js:7
[   15524ms] [LOG] Attempting to fetch 'yaml' @ https://cdn.jsdelivr.net/gh/kitao/pyxel@2.8.10/wasm/pyxel.js:545
[   15574ms] [ERROR] Failed to load resource: the server responded with a status of 404 (File not found) @ https://cdn.jsdelivr.net/gh/kitao/pyxel@2.8.10/wasm/pyxel.js:550
[   15582ms] [ERROR] Traceback (most recent call last):
  File "/lib/python313.zip/_pyodide/_base.py", line 523, in eval_code
    .run(globals, locals)
     ~~~^^^^^^^^^^^^^^^^^
  File "/lib/python313.zip/_pyodide/_base.py", line 357, in run
    coroutine = eval(self.code, globals, locals)
  File "<exec>", line 3, in <module>
  File "/lib/python3.13/site-packages/pyxel/cli.py", line 297, in play_pyxel_app
    runpy.run_path(startup_script_file, run_name="__main__")
    ~~~~~~~~~~~~~~^^^^^^^^^^^^^^^^^^^^^^^^^^^^^^^^^^^^^^^^^^
  File "<frozen runpy>", line 287, in run_path
  File "<frozen runpy>", line 98, in _run_module_code
  File "<frozen runpy>", line 88, in _run_code
  File "/tmp/.pyxel/play/42_952ed3b7-1bad-46bd-a0c1-582c990b52cf/pyxel/main.py", line 17, in <module>
    from src.structured_dialog import StructuredDialogRunner
  File "/tmp/.pyxel/play/42_952ed3b7-1bad-46bd-a0c1-582c990b52cf/pyxel/src/structured_dialog.py", line 9, in <module>
    import yaml
ModuleNotFoundError: No module named 'yaml'
The module 'pyyaml' is included in the Pyodide distribution, but it is not installed.
You can install it by calling:
  await micropip.install("pyyaml") in Python, or
  await pyodide.loadPackage("pyyaml") in JavaScript
See https://pyodide.org/en/stable/usage/loading-packages.html for more details.
 @ https://cdn.jsdelivr.net/gh/kitao/pyxel@2.8.10/wasm/pyxel.js:460
